<?xml version="1.0" encoding="UTF-8"?>
<testng-results skipped="0" failed="0" ignored="0" total="1" passed="1">
  <reporter-output>
  </reporter-output>
  <suite name="Default suite" duration-ms="11236" started-at="2023-02-19T22:12:48 IST" finished-at="2023-02-19T22:12:59 IST">
    <groups>
    </groups>
    <test name="Default test" duration-ms="11236" started-at="2023-02-19T22:12:48 IST" finished-at="2023-02-19T22:12:59 IST">
      <class name="Testcase.loginpage">
        <test-method status="PASS" signature="login()[pri:0, instance:Testcase.loginpage@3b084709]" name="login" duration-ms="11180" started-at="2023-02-19T22:12:48 IST" finished-at="2023-02-19T22:12:59 IST">
          <reporter-output>
          </reporter-output>
        </test-method> <!-- login -->
      </class> <!-- Testcase.loginpage -->
    </test> <!-- Default test -->
  </suite> <!-- Default suite -->
</testng-results>
